0 info it worked if it ends with ok
1 verbose cli [ 'C:\\Program Files\\nodejs\\\\node.exe',
1 verbose cli   'C:\\Program Files\\nodejs\\node_modules\\npm\\bin\\npm-cli.js',
1 verbose cli   'install',
1 verbose cli   '–msvs_version=2013' ]
2 info using npm@1.4.3
3 info using node@v0.10.26
4 verbose node symlink C:\Program Files\nodejs\\node.exe
5 verbose readDependencies using package.json deps
6 verbose cache add [ '–msvs_version=2013', null ]
7 verbose cache add name=undefined spec="–msvs_version=2013" args=["–msvs_version=2013",null]
8 verbose parsed url { protocol: null,
8 verbose parsed url   slashes: null,
8 verbose parsed url   auth: null,
8 verbose parsed url   host: null,
8 verbose parsed url   port: null,
8 verbose parsed url   hostname: null,
8 verbose parsed url   hash: null,
8 verbose parsed url   search: null,
8 verbose parsed url   query: null,
8 verbose parsed url   pathname: '–msvs_version=2013',
8 verbose parsed url   path: '–msvs_version=2013',
8 verbose parsed url   href: '–msvs_version=2013' }
9 silly lockFile 8ebbce17-msvs-version-2013 –msvs_version=2013
10 verbose lock –msvs_version=2013 C:\Users\Otto\AppData\Roaming\npm-cache\8ebbce17-msvs-version-2013.lock
11 silly lockFile 8ebbce17-msvs-version-2013 –msvs_version=2013
12 silly lockFile 8ebbce17-msvs-version-2013 –msvs_version=2013
13 verbose addNamed [ '–msvs_version=2013', '' ]
14 verbose addNamed [ null, '*' ]
15 silly lockFile 95f7a9b7-msvs-version-2013 –msvs_version=2013@
16 verbose lock –msvs_version=2013@ C:\Users\Otto\AppData\Roaming\npm-cache\95f7a9b7-msvs-version-2013.lock
17 silly addNameRange { name: '–msvs_version=2013', range: '*', hasData: false }
18 verbose url raw –msvs_version=2013
19 verbose url resolving [ 'https://registry.npmjs.org/',
19 verbose url resolving   './%E2%80%93msvs_version%3D2013' ]
20 verbose url resolved https://registry.npmjs.org/%E2%80%93msvs_version%3D2013
21 info trying registry request attempt 1 at 00:19:17
22 http GET https://registry.npmjs.org/%E2%80%93msvs_version%3D2013
23 http 404 https://registry.npmjs.org/%E2%80%93msvs_version%3D2013
24 silly registry.get cb [ 404,
24 silly registry.get   { date: 'Fri, 26 Sep 2014 22:19:20 GMT',
24 silly registry.get     server: 'CouchDB/1.5.0 (Erlang OTP/R16B03)',
24 silly registry.get     'content-type': 'application/json',
24 silly registry.get     'cache-control': 'max-age=0',
24 silly registry.get     'content-length': '52',
24 silly registry.get     'accept-ranges': 'bytes',
24 silly registry.get     via: '1.1 varnish',
24 silly registry.get     age: '0',
24 silly registry.get     'x-served-by': 'cache-fra1229-FRA',
24 silly registry.get     'x-cache': 'MISS',
24 silly registry.get     'x-cache-hits': '0',
24 silly registry.get     'x-timer': 'S1411769960.201476,VS0,VE112',
24 silly registry.get     'keep-alive': 'timeout=10, max=50',
24 silly registry.get     connection: 'Keep-Alive' } ]
25 silly lockFile 95f7a9b7-msvs-version-2013 –msvs_version=2013@
26 silly lockFile 95f7a9b7-msvs-version-2013 –msvs_version=2013@
27 error 404 '%E2%80%93msvs_version%3D2013' is not in the npm registry.
27 error 404 You should bug the author to publish it
27 error 404 It was specified as a dependency of 'secret-shop'
27 error 404
27 error 404 Note that you can also install from a
27 error 404 tarball, folder, or http url, or git url.
28 error System Windows_NT 6.2.9200
29 error command "C:\\Program Files\\nodejs\\\\node.exe" "C:\\Program Files\\nodejs\\node_modules\\npm\\bin\\npm-cli.js" "install" "–msvs_version=2013"
30 error cwd G:\code\SecretShop
31 error node -v v0.10.26
32 error npm -v 1.4.3
33 error code E404
34 verbose exit [ 1, true ]
